<?xml version="1.0" encoding="UTF-8"?>
<Site BuildName="Linux-clang++"
	BuildStamp="20240222-1759-Experimental"
	Name="arsheos"
	Generator="ctest-3.28.3"
	CompilerName="/usr/bin/clang++"
	CompilerVersion=""
	OSName="Linux"
	Hostname="arsheos"
	OSRelease="6.7.5-arch1-1"
	OSVersion="#1 SMP PREEMPT_DYNAMIC Sat, 17 Feb 2024 14:02:33 +0000"
	OSPlatform="x86_64"
	Is64Bits="1"
	VendorString="GenuineIntel"
	VendorID="Intel Corporation"
	FamilyID="6"
	ModelID="60"
	ProcessorCacheSize="6144"
	NumberOfLogicalCPU="4"
	NumberOfPhysicalCPU="4"
	TotalVirtualMemory="8585"
	TotalPhysicalMemory="6849"
	LogicalProcessorsPerPhysical="1"
	ProcessorClockFrequency="3416.32"
	>
	<Testing>
		<StartDateTime>Feb 22 20:02 EET</StartDateTime>
		<StartTestTime>1708624936</StartTestTime>
		<TestList/>
		<EndDateTime>Feb 22 20:02 EET</EndDateTime>
		<EndTestTime>1708624936</EndTestTime>
		<ElapsedMinutes>0</ElapsedMinutes>
	</Testing>
</Site>
